#
# There is insufficient memory for the Java Runtime Environment to continue.
# Native memory allocation (malloc) failed to allocate 771296 bytes for Chunk::new
# Possible reasons:
#   The system is out of physical RAM or swap space
#   In 32 bit mode, the process size limit was hit
# Possible solutions:
#   Reduce memory load on the system
#   Increase physical memory or swap space
#   Check if swap backing store is full
#   Use 64 bit Java on a 64 bit OS
#   Decrease Java heap size (-Xmx/-Xms)
#   Decrease number of Java threads
#   Decrease Java thread stack sizes (-Xss)
#   Set larger code cache with -XX:ReservedCodeCacheSize=
# This output file may be truncated or incomplete.
#
#  Out of Memory Error (allocation.cpp:390), pid=6876, tid=0x00000000000011a0
#
# JRE version: OpenJDK Runtime Environment (8.0_152-b01) (build 1.8.0_152-release-1343-b01)
# Java VM: OpenJDK 64-Bit Server VM (25.152-b01 mixed mode windows-amd64 compressed oops)
# Failed to write core dump. Minidumps are not enabled by default on client versions of Windows
#

---------------  T H R E A D  ---------------

Current thread (0x00000000162ed800):  JavaThread "C2 CompilerThread0" daemon [_thread_in_native, id=4512, stack(0x0000000017c40000,0x0000000017d40000)]

Stack: [0x0000000017c40000,0x0000000017d40000]
[error occurred during error reporting (printing stack bounds), id 0xc0000005]

Native frames: (J=compiled Java code, j=interpreted, Vv=VM code, C=native code)


Current CompileTask:
C2:   7286 1387   !   4       java.net.URLClassLoader$1::run (63 bytes)


---------------  P R O C E S S  ---------------

Java Threads: ( => current thread )
  0x00000000187c4800 JavaThread "Cache worker for journal cache (C:\Users\Administrator\.gradle\caches\journal-1)" [_thread_blocked, id=2924, stack(0x000000001b8f0000,0x000000001b9f0000)]
  0x00000000187cd000 JavaThread "File lock request listener" [_thread_in_native, id=6844, stack(0x000000001b7f0000,0x000000001b8f0000)]
  0x00000000198b2800 JavaThread "Cache worker for file hash cache (C:\Users\Administrator\.gradle\caches\5.1.1\fileHashes)" [_thread_blocked, id=8908, stack(0x000000001b6f0000,0x000000001b7f0000)]
  0x00000000187e5000 JavaThread "Thread-8" [_thread_blocked, id=7924, stack(0x000000001b5f0000,0x000000001b6f0000)]
  0x00000000196d9000 JavaThread "Stdin handler" [_thread_blocked, id=5380, stack(0x000000001b4f0000,0x000000001b5f0000)]
  0x0000000019547000 JavaThread "Asynchronous log dispatcher for DefaultDaemonConnection: socket connection from /127.0.0.1:50369 to /127.0.0.1:50370" [_thread_blocked, id=9312, stack(0x000000001b3f0000,0x000000001b4f0000)]
  0x00000000196db800 JavaThread "Daemon worker" [_thread_in_native, id=1072, stack(0x000000001b2f0000,0x000000001b3f0000)]
  0x00000000196e1000 JavaThread "Cancel handler" [_thread_blocked, id=1144, stack(0x000000001b1f0000,0x000000001b2f0000)]
  0x0000000018395000 JavaThread "Handler for socket connection from /127.0.0.1:50369 to /127.0.0.1:50370" [_thread_in_native, id=5576, stack(0x000000001aef0000,0x000000001aff0000)]
  0x0000000018394000 JavaThread "Daemon" [_thread_blocked, id=5192, stack(0x000000001adf0000,0x000000001aef0000)]
  0x00000000197b3800 JavaThread "Daemon periodic checks" [_thread_blocked, id=976, stack(0x000000001acf0000,0x000000001adf0000)]
  0x00000000197b2800 JavaThread "Incoming local TCP Connector on port 50369" [_thread_in_native, id=5772, stack(0x000000001abf0000,0x000000001acf0000)]
  0x00000000176a2000 JavaThread "Service Thread" daemon [_thread_blocked, id=9552, stack(0x0000000017f40000,0x0000000018040000)]
  0x0000000017696000 JavaThread "C1 CompilerThread2" daemon [_thread_blocked, id=11232, stack(0x0000000017e40000,0x0000000017f40000)]
  0x000000001633b000 JavaThread "C2 CompilerThread1" daemon [_thread_in_native, id=4064, stack(0x0000000017d40000,0x0000000017e40000)]
=>0x00000000162ed800 JavaThread "C2 CompilerThread0" daemon [_thread_in_native, id=4512, stack(0x0000000017c40000,0x0000000017d40000)]
  0x0000000016339000 JavaThread "Attach Listener" daemon [_thread_blocked, id=2884, stack(0x0000000017b40000,0x0000000017c40000)]
  0x0000000017648800 JavaThread "Signal Dispatcher" daemon [_thread_blocked, id=5736, stack(0x0000000017a40000,0x0000000017b40000)]
  0x000000000296a000 JavaThread "Finalizer" daemon [_thread_blocked, id=5756, stack(0x0000000017540000,0x0000000017640000)]
  0x0000000002961000 JavaThread "Reference Handler" daemon [_thread_blocked, id=6548, stack(0x0000000017440000,0x0000000017540000)]
  0x000000000276d800 JavaThread "main" [_thread_blocked, id=6288, stack(0x0000000002770000,0x0000000002870000)]

Other Threads:
  0x00000000162a6800 VMThread [stack: 0x0000000017340000,0x0000000017440000] [id=9400]
  0x00000000176a3800 WatcherThread [stack: 0x0000000018040000,0x0000000018140000] [id=10896]

VM state:not at safepoint (normal execution)

VM Mutex/Monitor currently owned by a thread: None

Heap:
 PSYoungGen      total 35328K, used 14334K [0x00000000e0000000, 0x00000000e4c00000, 0x0000000100000000)
  eden space 32768K, 35% used [0x00000000e0000000,0x00000000e0b81a58,0x00000000e2000000)
  from space 2560K, 99% used [0x00000000e2000000,0x00000000e227e030,0x00000000e2280000)
  to   space 6144K, 0% used [0x00000000e4600000,0x00000000e4600000,0x00000000e4c00000)
 ParOldGen       total 44032K, used 6959K [0x00000000a0000000, 0x00000000a2b00000, 0x00000000e0000000)
  object space 44032K, 15% used [0x00000000a0000000,0x00000000a06cbe20,0x00000000a2b00000)
 Metaspace       used 14323K, capacity 14700K, committed 14976K, reserved 1062912K
  class space    used 1989K, capacity 2130K, committed 2176K, reserved 1048576K

Card table byte_map: [0x0000000011d30000,0x0000000012040000] byte_map_base: 0x0000000011830000

Marking Bits: (ParMarkBitMap*) 0x0000000069495aa0
 Begin Bits: [0x0000000012640000, 0x0000000013e40000)
 End Bits:   [0x0000000013e40000, 0x0000000015640000)

Polling page: 0x0000000002690000

CodeCache: size=245760Kb used=5064Kb max_used=5064Kb free=240695Kb
 bounds [0x0000000002970000, 0x0000000002e70000, 0x0000000011970000]
 total_blobs=1764 nmethods=1385 adapters=293
 compilation: enabled

Compilation events (10 events):
Event: 7.163 Thread 0x0000000017696000 1383       1       sun.reflect.generics.tree.SimpleClassTypeSignature::getTypeArguments (5 bytes)
Event: 7.163 Thread 0x0000000017696000 nmethod 1383 0x0000000002e5cc50 code [0x0000000002e5cda0, 0x0000000002e5ceb0]
Event: 7.176 Thread 0x00000000162ed800 1384       4       java.lang.CharacterDataLatin1::isWhitespace (23 bytes)
Event: 7.177 Thread 0x00000000162ed800 nmethod 1384 0x0000000002e5c9d0 code [0x0000000002e5cb00, 0x0000000002e5cb98]
Event: 7.177 Thread 0x0000000017696000 1385       3       org.gradle.internal.service.DefaultServiceRegistry$FactoryMethodService::<init> (29 bytes)
Event: 7.178 Thread 0x0000000017696000 nmethod 1385 0x0000000002e5e650 code [0x0000000002e5e820, 0x0000000002e5f068]
Event: 7.197 Thread 0x000000001633b000 1386       4       java.net.URLClassLoader$1::run (5 bytes)
Event: 7.198 Thread 0x00000000162ed800 1387   !   4       java.net.URLClassLoader$1::run (63 bytes)
Event: 7.217 Thread 0x0000000017696000 1388       3       java.io.WinNTFileSystem::normalize (231 bytes)
Event: 7.223 Thread 0x0000000017696000 nmethod 1388 0x0000000002e5f710 code [0x0000000002e5fbe0, 0x0000000002e63a38]

GC Heap History (10 events):
Event: 1.880 GC heap before
{Heap before GC invocations=1 (full 0):
 PSYoungGen      total 18944K, used 16384K [0x00000000e0000000, 0x00000000e1500000, 0x0000000100000000)
  eden space 16384K, 100% used [0x00000000e0000000,0x00000000e1000000,0x00000000e1000000)
  from space 2560K, 0% used [0x00000000e1280000,0x00000000e1280000,0x00000000e1500000)
  to   space 2560K, 0% used [0x00000000e1000000,0x00000000e1000000,0x00000000e1280000)
 ParOldGen       total 44032K, used 0K [0x00000000a0000000, 0x00000000a2b00000, 0x00000000e0000000)
  object space 44032K, 0% used [0x00000000a0000000,0x00000000a0000000,0x00000000a2b00000)
 Metaspace       used 6206K, capacity 6392K, committed 6528K, reserved 1056768K
  class space    used 755K, capacity 813K, committed 896K, reserved 1048576K
Event: 1.890 GC heap after
Heap after GC invocations=1 (full 0):
 PSYoungGen      total 18944K, used 2547K [0x00000000e0000000, 0x00000000e1500000, 0x0000000100000000)
  eden space 16384K, 0% used [0x00000000e0000000,0x00000000e0000000,0x00000000e1000000)
  from space 2560K, 99% used [0x00000000e1000000,0x00000000e127cee8,0x00000000e1280000)
  to   space 2560K, 0% used [0x00000000e1280000,0x00000000e1280000,0x00000000e1500000)
 ParOldGen       total 44032K, used 495K [0x00000000a0000000, 0x00000000a2b00000, 0x00000000e0000000)
  object space 44032K, 1% used [0x00000000a0000000,0x00000000a007be90,0x00000000a2b00000)
 Metaspace       used 6206K, capacity 6392K, committed 6528K, reserved 1056768K
  class space    used 755K, capacity 813K, committed 896K, reserved 1048576K
}
Event: 2.802 GC heap before
{Heap before GC invocations=2 (full 0):
 PSYoungGen      total 18944K, used 18931K [0x00000000e0000000, 0x00000000e1500000, 0x0000000100000000)
  eden space 16384K, 100% used [0x00000000e0000000,0x00000000e1000000,0x00000000e1000000)
  from space 2560K, 99% used [0x00000000e1000000,0x00000000e127cee8,0x00000000e1280000)
  to   space 2560K, 0% used [0x00000000e1280000,0x00000000e1280000,0x00000000e1500000)
 ParOldGen       total 44032K, used 495K [0x00000000a0000000, 0x00000000a2b00000, 0x00000000e0000000)
  object space 44032K, 1% used [0x00000000a0000000,0x00000000a007be90,0x00000000a2b00000)
 Metaspace       used 6984K, capacity 7192K, committed 7424K, reserved 1056768K
  class space    used 845K, capacity 909K, committed 1024K, reserved 1048576K
Event: 2.826 GC heap after
Heap after GC invocations=2 (full 0):
 PSYoungGen      total 18944K, used 2552K [0x00000000e0000000, 0x00000000e2500000, 0x0000000100000000)
  eden space 16384K, 0% used [0x00000000e0000000,0x00000000e0000000,0x00000000e1000000)
  from space 2560K, 99% used [0x00000000e1280000,0x00000000e14fe030,0x00000000e1500000)
  to   space 2560K, 0% used [0x00000000e1000000,0x00000000e1000000,0x00000000e1280000)
 ParOldGen       total 44032K, used 1116K [0x00000000a0000000, 0x00000000a2b00000, 0x00000000e0000000)
  object space 44032K, 2% used [0x00000000a0000000,0x00000000a0117298,0x00000000a2b00000)
 Metaspace       used 6984K, capacity 7192K, committed 7424K, reserved 1056768K
  class space    used 845K, capacity 909K, committed 1024K, reserved 1048576K
}
Event: 3.488 GC heap before
{Heap before GC invocations=3 (full 0):
 PSYoungGen      total 18944K, used 18936K [0x00000000e0000000, 0x00000000e2500000, 0x0000000100000000)
  eden space 16384K, 100% used [0x00000000e0000000,0x00000000e1000000,0x00000000e1000000)
  from space 2560K, 99% used [0x00000000e1280000,0x00000000e14fe030,0x00000000e1500000)
  to   space 2560K, 0% used [0x00000000e1000000,0x00000000e1000000,0x00000000e1280000)
 ParOldGen       total 44032K, used 1116K [0x00000000a0000000, 0x00000000a2b00000, 0x00000000e0000000)
  object space 44032K, 2% used [0x00000000a0000000,0x00000000a0117298,0x00000000a2b00000)
 Metaspace       used 7158K, capacity 7408K, committed 7680K, reserved 1056768K
  class space    used 867K, capacity 981K, committed 1024K, reserved 1048576K
Event: 3.493 GC heap after
Heap after GC invocations=3 (full 0):
 PSYoungGen      total 18944K, used 2536K [0x00000000e0000000, 0x00000000e2500000, 0x0000000100000000)
  eden space 16384K, 0% used [0x00000000e0000000,0x00000000e0000000,0x00000000e1000000)
  from space 2560K, 99% used [0x00000000e1000000,0x00000000e127a020,0x00000000e1280000)
  to   space 2560K, 0% used [0x00000000e2280000,0x00000000e2280000,0x00000000e2500000)
 ParOldGen       total 44032K, used 1669K [0x00000000a0000000, 0x00000000a2b00000, 0x00000000e0000000)
  object space 44032K, 3% used [0x00000000a0000000,0x00000000a01a1790,0x00000000a2b00000)
 Metaspace       used 7158K, capacity 7408K, committed 7680K, reserved 1056768K
  class space    used 867K, capacity 981K, committed 1024K, reserved 1048576K
}
Event: 3.795 GC heap before
{Heap before GC invocations=4 (full 0):
 PSYoungGen      total 18944K, used 18920K [0x00000000e0000000, 0x00000000e2500000, 0x0000000100000000)
  eden space 16384K, 100% used [0x00000000e0000000,0x00000000e1000000,0x00000000e1000000)
  from space 2560K, 99% used [0x00000000e1000000,0x00000000e127a020,0x00000000e1280000)
  to   space 2560K, 0% used [0x00000000e2280000,0x00000000e2280000,0x00000000e2500000)
 ParOldGen       total 44032K, used 1669K [0x00000000a0000000, 0x00000000a2b00000, 0x00000000e0000000)
  object space 44032K, 3% used [0x00000000a0000000,0x00000000a01a1790,0x00000000a2b00000)
 Metaspace       used 8587K, capacity 8820K, committed 8960K, reserved 1056768K
  class space    used 1097K, capacity 1176K, committed 1280K, reserved 1048576K
Event: 3.801 GC heap after
Heap after GC invocations=4 (full 0):
 PSYoungGen      total 35328K, used 2552K [0x00000000e0000000, 0x00000000e2500000, 0x0000000100000000)
  eden space 32768K, 0% used [0x00000000e0000000,0x00000000e0000000,0x00000000e2000000)
  from space 2560K, 99% used [0x00000000e2280000,0x00000000e24fe010,0x00000000e2500000)
  to   space 2560K, 0% used [0x00000000e2000000,0x00000000e2000000,0x00000000e2280000)
 ParOldGen       total 44032K, used 3144K [0x00000000a0000000, 0x00000000a2b00000, 0x00000000e0000000)
  object space 44032K, 7% used [0x00000000a0000000,0x00000000a0312060,0x00000000a2b00000)
 Metaspace       used 8587K, capacity 8820K, committed 8960K, reserved 1056768K
  class space    used 1097K, capacity 1176K, committed 1280K, reserved 1048576K
}
Event: 6.655 GC heap before
{Heap before GC invocations=5 (full 0):
 PSYoungGen      total 35328K, used 35320K [0x00000000e0000000, 0x00000000e2500000, 0x0000000100000000)
  eden space 32768K, 100% used [0x00000000e0000000,0x00000000e2000000,0x00000000e2000000)
  from space 2560K, 99% used [0x00000000e2280000,0x00000000e24fe010,0x00000000e2500000)
  to   space 2560K, 0% used [0x00000000e2000000,0x00000000e2000000,0x00000000e2280000)
 ParOldGen       total 44032K, used 3144K [0x00000000a0000000, 0x00000000a2b00000, 0x00000000e0000000)
  object space 44032K, 7% used [0x00000000a0000000,0x00000000a0312060,0x00000000a2b00000)
 Metaspace       used 13162K, capacity 13580K, committed 13824K, reserved 1060864K
  class space    used 1800K, capacity 1970K, committed 2048K, reserved 1048576K
Event: 6.674 GC heap after
Heap after GC invocations=5 (full 0):
 PSYoungGen      total 35328K, used 2552K [0x00000000e0000000, 0x00000000e4c00000, 0x0000000100000000)
  eden space 32768K, 0% used [0x00000000e0000000,0x00000000e0000000,0x00000000e2000000)
  from space 2560K, 99% used [0x00000000e2000000,0x00000000e227e030,0x00000000e2280000)
  to   space 6144K, 0% used [0x00000000e4600000,0x00000000e4600000,0x00000000e4c00000)
 ParOldGen       total 44032K, used 6959K [0x00000000a0000000, 0x00000000a2b00000, 0x00000000e0000000)
  object space 44032K, 15% used [0x00000000a0000000,0x00000000a06cbe20,0x00000000a2b00000)
 Metaspace       used 13162K, capacity 13580K, committed 13824K, reserved 1060864K
  class space    used 1800K, capacity 1970K, committed 2048K, reserved 1048576K
}

Deoptimization events (10 events):
Event: 4.960 Thread 0x000000000276d800 Uncommon trap: reason=unstable_if action=reinterpret pc=0x0000000002c87b20 method=java.io.WinNTFileSystem.normalize(Ljava/lang/String;II)Ljava/lang/String; @ 90
Event: 6.125 Thread 0x0000000018395000 Uncommon trap: reason=unstable_if action=reinterpret pc=0x0000000002d28530 method=java.util.concurrent.ConcurrentHashMap.putVal(Ljava/lang/Object;Ljava/lang/Object;Z)Ljava/lang/Object; @ 206
Event: 6.234 Thread 0x00000000196db800 Uncommon trap: reason=bimorphic action=maybe_recompile pc=0x0000000002bed338 method=java.util.HashMap.putVal(ILjava/lang/Object;Ljava/lang/Object;ZZ)Ljava/lang/Object; @ 253
Event: 6.234 Thread 0x00000000196db800 Uncommon trap: reason=bimorphic action=maybe_recompile pc=0x0000000002bed338 method=java.util.HashMap.putVal(ILjava/lang/Object;Ljava/lang/Object;ZZ)Ljava/lang/Object; @ 253
Event: 6.234 Thread 0x00000000196db800 Uncommon trap: reason=bimorphic action=maybe_recompile pc=0x0000000002bed338 method=java.util.HashMap.putVal(ILjava/lang/Object;Ljava/lang/Object;ZZ)Ljava/lang/Object; @ 253
Event: 6.234 Thread 0x00000000196db800 Uncommon trap: reason=bimorphic action=maybe_recompile pc=0x0000000002be2960 method=java.util.HashMap.putVal(ILjava/lang/Object;Ljava/lang/Object;ZZ)Ljava/lang/Object; @ 253
Event: 6.734 Thread 0x00000000196db800 Uncommon trap: reason=class_check action=maybe_recompile pc=0x0000000002c39158 method=java.util.regex.Matcher.match(II)Z @ 86
Event: 6.771 Thread 0x00000000196db800 Uncommon trap: reason=class_check action=maybe_recompile pc=0x0000000002c39158 method=java.util.regex.Matcher.match(II)Z @ 86
Event: 6.774 Thread 0x00000000196db800 Uncommon trap: reason=class_check action=maybe_recompile pc=0x0000000002c39158 method=java.util.regex.Matcher.match(II)Z @ 86
Event: 6.775 Thread 0x00000000196db800 Uncommon trap: reason=class_check action=maybe_recompile pc=0x0000000002c063a0 method=java.util.regex.Matcher.match(II)Z @ 86

Classes redefined (0 events):
No events

Internal exceptions (10 events):
Event: 6.130 Thread 0x0000000018395000 Exception <a 'java/lang/NoSuchMethodError': <clinit>> (0x00000000e0b74650) thrown at [D:\src\AOSP-openjdk-cygwin\jdk8u\hotspot\src\share\vm\prims\jni.cpp, line 1613]
Event: 6.137 Thread 0x0000000018395000 Exception <a 'java/lang/NoSuchMethodError': <clinit>> (0x00000000e0b876d0) thrown at [D:\src\AOSP-openjdk-cygwin\jdk8u\hotspot\src\share\vm\prims\jni.cpp, line 1613]
Event: 6.143 Thread 0x0000000018395000 Exception <a 'java/lang/NoSuchMethodError': <clinit>> (0x00000000e0bae528) thrown at [D:\src\AOSP-openjdk-cygwin\jdk8u\hotspot\src\share\vm\prims\jni.cpp, line 1613]
Event: 6.147 Thread 0x0000000018395000 Exception <a 'java/lang/NoSuchMethodError': <clinit>> (0x00000000e0bc61a8) thrown at [D:\src\AOSP-openjdk-cygwin\jdk8u\hotspot\src\share\vm\prims\jni.cpp, line 1613]
Event: 6.148 Thread 0x0000000018395000 Exception <a 'java/lang/NoSuchMethodError': <clinit>> (0x00000000e0bcec70) thrown at [D:\src\AOSP-openjdk-cygwin\jdk8u\hotspot\src\share\vm\prims\jni.cpp, line 1613]
Event: 6.152 Thread 0x0000000018395000 Exception <a 'java/lang/NoSuchMethodError': <clinit>> (0x00000000e0be4e40) thrown at [D:\src\AOSP-openjdk-cygwin\jdk8u\hotspot\src\share\vm\prims\jni.cpp, line 1613]
Event: 6.164 Thread 0x0000000018395000 Exception <a 'java/lang/NoSuchMethodError': <clinit>> (0x00000000e0c422f8) thrown at [D:\src\AOSP-openjdk-cygwin\jdk8u\hotspot\src\share\vm\prims\jni.cpp, line 1613]
Event: 6.174 Thread 0x0000000018395000 Exception <a 'java/lang/NoSuchMethodError': <clinit>> (0x00000000e0c6e6f8) thrown at [D:\src\AOSP-openjdk-cygwin\jdk8u\hotspot\src\share\vm\prims\jni.cpp, line 1613]
Event: 6.191 Thread 0x0000000018395000 Exception <a 'java/lang/NoSuchMethodError': <clinit>> (0x00000000e0c9bf70) thrown at [D:\src\AOSP-openjdk-cygwin\jdk8u\hotspot\src\share\vm\prims\jni.cpp, line 1613]
Event: 6.193 Thread 0x0000000018395000 Exception <a 'java/lang/NoSuchMethodError': <clinit>> (0x00000000e0ca7310) thrown at [D:\src\AOSP-openjdk-cygwin\jdk8u\hotspot\src\share\vm\prims\jni.cpp, line 1613]

Events (10 events):
Event: 7.280 loading class kotlin/UNINITIALIZED_VALUE
Event: 7.280 loading class kotlin/UNINITIALIZED_VALUE done
Event: 7.280 loading class org/gradle/kotlin/dsl/provider/BuildServices$gradleKotlinDslVersion$2
Event: 7.280 loading class org/gradle/kotlin/dsl/provider/BuildServices$gradleKotlinDslVersion$2 done
Event: 7.281 loading class kotlin/SynchronizedLazyImpl
Event: 7.281 loading class kotlin/SynchronizedLazyImpl done
Event: 7.282 loading class org/gradle/kotlin/dsl/provider/KotlinScriptClassPathProvider
Event: 7.282 loading class org/gradle/kotlin/dsl/provider/KotlinScriptClassPathProvider done
Event: 7.284 loading class org/gradle/kotlin/dsl/provider/PluginRequestsHandler
Event: 7.284 loading class org/gradle/kotlin/dsl/provider/PluginRequestsHandler done


Dynamic libraries:
0x00007ff79b990000 - 0x00007ff79b9c1000 	D:\Android\studio\jre\bin\java.exe
0x00007ffc8adf0000 - 0x00007ffc8afdd000 	C:\Windows\SYSTEM32\ntdll.dll
0x00007ffc881a0000 - 0x00007ffc88253000 	C:\Windows\System32\KERNEL32.DLL
0x00007ffc87310000 - 0x00007ffc875a3000 	C:\Windows\System32\KERNELBASE.dll
0x00007ffc88290000 - 0x00007ffc88333000 	C:\Windows\System32\ADVAPI32.dll
0x00007ffc888e0000 - 0x00007ffc8897e000 	C:\Windows\System32\msvcrt.dll
0x00007ffc89440000 - 0x00007ffc894de000 	C:\Windows\System32\sechost.dll
0x00007ffc88ba0000 - 0x00007ffc88cc2000 	C:\Windows\System32\RPCRT4.dll
0x00007ffc889a0000 - 0x00007ffc88b37000 	C:\Windows\System32\USER32.dll
0x00007ffc872d0000 - 0x00007ffc872f0000 	C:\Windows\System32\win32u.dll
0x00007ffc88260000 - 0x00007ffc88289000 	C:\Windows\System32\GDI32.dll
0x00007ffc875b0000 - 0x00007ffc8774a000 	C:\Windows\System32\gdi32full.dll
0x00007ffc87750000 - 0x00007ffc877f0000 	C:\Windows\System32\msvcp_win.dll
0x00007ffc86fa0000 - 0x00007ffc8709a000 	C:\Windows\System32\ucrtbase.dll
0x00007ffc75b50000 - 0x00007ffc75dc9000 	C:\Windows\WinSxS\amd64_microsoft.windows.common-controls_6595b64144ccf1df_6.0.17763.348_none_05b73c0a071d7a57\COMCTL32.dll
0x00007ffc88410000 - 0x00007ffc8873d000 	C:\Windows\System32\combase.dll
0x00007ffc86f20000 - 0x00007ffc86f9e000 	C:\Windows\System32\bcryptPrimitives.dll
0x00007ffc88150000 - 0x00007ffc8817e000 	C:\Windows\System32\IMM32.DLL
0x0000000068990000 - 0x0000000068a62000 	D:\Android\studio\jre\jre\bin\msvcr100.dll
0x0000000068cd0000 - 0x0000000069511000 	D:\Android\studio\jre\jre\bin\server\jvm.dll
0x00007ffc88340000 - 0x00007ffc88348000 	C:\Windows\System32\PSAPI.DLL
0x00007ffc75ec0000 - 0x00007ffc75eca000 	C:\Windows\SYSTEM32\VERSION.dll
0x00007ffc727d0000 - 0x00007ffc727d9000 	C:\Windows\SYSTEM32\WSOCK32.dll
0x00007ffc83bc0000 - 0x00007ffc83be4000 	C:\Windows\SYSTEM32\WINMM.dll
0x00007ffc887c0000 - 0x00007ffc8882d000 	C:\Windows\System32\ws2_32.DLL
0x00007ffc83b90000 - 0x00007ffc83bbd000 	C:\Windows\SYSTEM32\winmmbase.dll
0x00007ffc87280000 - 0x00007ffc872ca000 	C:\Windows\System32\cfgmgr32.dll
0x00007ffc83730000 - 0x00007ffc8373f000 	D:\Android\studio\jre\jre\bin\verify.dll
0x00007ffc80540000 - 0x00007ffc80569000 	D:\Android\studio\jre\jre\bin\java.dll
0x00007ffc7d7c0000 - 0x00007ffc7d7d6000 	D:\Android\studio\jre\jre\bin\zip.dll
0x00007ffc89540000 - 0x00007ffc8aa30000 	C:\Windows\System32\SHELL32.dll
0x00007ffc88830000 - 0x00007ffc888d8000 	C:\Windows\System32\shcore.dll
0x00007ffc877f0000 - 0x00007ffc87f3a000 	C:\Windows\System32\windows.storage.dll
0x00007ffc86e90000 - 0x00007ffc86eb4000 	C:\Windows\System32\profapi.dll
0x00007ffc86e30000 - 0x00007ffc86e8d000 	C:\Windows\System32\powrprof.dll
0x00007ffc883b0000 - 0x00007ffc88402000 	C:\Windows\System32\shlwapi.dll
0x00007ffc86e10000 - 0x00007ffc86e21000 	C:\Windows\System32\kernel.appcore.dll
0x00007ffc872f0000 - 0x00007ffc87307000 	C:\Windows\System32\cryptsp.dll
0x00007ffc7cf40000 - 0x00007ffc7cf5a000 	D:\Android\studio\jre\jre\bin\net.dll
0x00007ffc86610000 - 0x00007ffc86677000 	C:\Windows\system32\mswsock.dll
0x00007ffc78760000 - 0x00007ffc78771000 	D:\Android\studio\jre\jre\bin\nio.dll
0x00007ffc7d790000 - 0x00007ffc7d7ae000 	C:\Users\Administrator\.gradle\native\25\windows-amd64\native-platform.dll
0x00007ffc83710000 - 0x00007ffc8371d000 	D:\Android\studio\jre\jre\bin\management.dll
0x00007ffc861d0000 - 0x00007ffc86203000 	C:\Windows\system32\rsaenh.dll
0x00007ffc87f40000 - 0x00007ffc87f66000 	C:\Windows\System32\bcrypt.dll
0x00007ffc86cf0000 - 0x00007ffc86d18000 	C:\Windows\SYSTEM32\USERENV.dll
0x00007ffc867e0000 - 0x00007ffc867ec000 	C:\Windows\SYSTEM32\CRYPTBASE.dll
0x00007ffc86370000 - 0x00007ffc863ad000 	C:\Windows\SYSTEM32\IPHLPAPI.DLL
0x00007ffc88180000 - 0x00007ffc88188000 	C:\Windows\System32\NSI.dll
0x00007ffc7bb40000 - 0x00007ffc7bb56000 	C:\Windows\SYSTEM32\dhcpcsvc6.DLL
0x00007ffc7bb20000 - 0x00007ffc7bb3c000 	C:\Windows\SYSTEM32\dhcpcsvc.DLL
0x00007ffc863b0000 - 0x00007ffc86476000 	C:\Windows\SYSTEM32\DNSAPI.dll

VM Arguments:
jvm_args: -Xmx1536m -Dfile.encoding=GBK -Duser.country=CN -Duser.language=zh -Duser.variant 
java_command: org.gradle.launcher.daemon.bootstrap.GradleDaemon 5.1.1
java_class_path (initial): C:\Users\Administrator\.gradle\wrapper\dists\gradle-5.1.1-all\97z1ksx6lirer3kbvdnh7jtjg\gradle-5.1.1\lib\gradle-launcher-5.1.1.jar
Launcher Type: SUN_STANDARD

Environment Variables:
JAVA_HOME=D:\Android\jdk
CLASSPATH=.;D:\Android\jdk\bin;D:\Android\jdk\lib\dt.jar;D:\Android\jdk\lib\tools.jar
PATH=D:\Android\jdk\bin;D:\Android\jdk\jre\bin;C:\Program Files (x86)\Common Files\Oracle\Java\javapath;C:\Program Files (x86)\Intel\Intel(R) Management Engine Components\iCLS\;C:\Program Files\Intel\Intel(R) Management Engine Components\iCLS\;C:\Windows\system32;C:\Windows;C:\Windows\System32\Wbem;C:\Windows\System32\WindowsPowerShell\v1.0\;C:\Windows\System32\OpenSSH\;C:\Program Files (x86)\Intel\Intel(R) Management Engine Components\DAL;C:\Program Files\Intel\Intel(R) Management Engine Components\DAL;C:\Program Files (x86)\Intel\Intel(R) Management Engine Components\IPT;C:\Program Files\Intel\Intel(R) Management Engine Components\IPT;C:\Program Files\Intel\WiFi\bin\;C:\Program Files\Common Files\Intel\WirelessCommon\;C:\Program Files (x86)\GtkSharp\2.12\bin;C:\Users\Administrator\AppData\Local\Microsoft\WindowsApps;C:\Program Files\Intel\WiFi\bin\;C:\Program Files\Common Files\Intel\WirelessCommon\;C:\Users\Administrator\AppData\Local\GitHubDesktop\bin
USERNAME=Administrator
OS=Windows_NT
PROCESSOR_IDENTIFIER=Intel64 Family 6 Model 78 Stepping 3, GenuineIntel



---------------  S Y S T E M  ---------------

OS: Windows 10.0 , 64 bit Build 17763 (10.0.17763.292)

CPU:total 4 (initial active 4) (2 cores per cpu, 2 threads per core) family 6 model 78 stepping 3, cmov, cx8, fxsr, mmx, sse, sse2, sse3, ssse3, sse4.1, sse4.2, popcnt, avx, avx2, aes, clmul, erms, 3dnowpref, lzcnt, ht, tsc, tscinvbit, bmi1, bmi2, adx

Memory: 4k page, physical 4105120k(282968k free), swap 9348124k(1964k free)

vm_info: OpenJDK 64-Bit Server VM (25.152-b01) for windows-amd64 JRE (1.8.0_152-release-1343-b01), built by "builder" with MS VC++ 10.0 (VS2010)

time: Mon May 13 18:40:41 2019
elapsed time: 7 seconds (0d 0h 0m 7s)

