#
# There is insufficient memory for the Java Runtime Environment to continue.
# Native memory allocation (malloc) failed to allocate 1107696 bytes for Chunk::new
# Possible reasons:
#   The system is out of physical RAM or swap space
#   In 32 bit mode, the process size limit was hit
# Possible solutions:
#   Reduce memory load on the system
#   Increase physical memory or swap space
#   Check if swap backing store is full
#   Use 64 bit Java on a 64 bit OS
#   Decrease Java heap size (-Xmx/-Xms)
#   Decrease number of Java threads
#   Decrease Java thread stack sizes (-Xss)
#   Set larger code cache with -XX:ReservedCodeCacheSize=
# This output file may be truncated or incomplete.
#
#  Out of Memory Error (allocation.cpp:390), pid=2148, tid=0x0000000000000278
#
# JRE version: OpenJDK Runtime Environment (8.0_152-b01) (build 1.8.0_152-release-1343-b01)
# Java VM: OpenJDK 64-Bit Server VM (25.152-b01 mixed mode windows-amd64 compressed oops)
# Failed to write core dump. Minidumps are not enabled by default on client versions of Windows
#

---------------  T H R E A D  ---------------

Current thread (0x00000000161fb000):  JavaThread "C2 CompilerThread1" daemon [_thread_in_native, id=632, stack(0x0000000017c00000,0x0000000017d00000)]

Stack: [0x0000000017c00000,0x0000000017d00000]
[error occurred during error reporting (printing stack bounds), id 0xc0000005]

Native frames: (J=compiled Java code, j=interpreted, Vv=VM code, C=native code)


Current CompileTask:
C2:18803767 33351       4       com.android.ide.common.resources.DataSet::appendToXml (390 bytes)


---------------  P R O C E S S  ---------------

Java Threads: ( => current thread )
  0x000000001cb2a000 JavaThread "stdout" daemon [_thread_in_native, id=5700, stack(0x000000003afc0000,0x000000003b0c0000)]
  0x000000001cb2f800 JavaThread "stderr" daemon [_thread_in_native, id=13088, stack(0x000000003aec0000,0x000000003afc0000)]
  0x000000001e53f000 JavaThread "stdout" daemon [_thread_in_native, id=12012, stack(0x000000003adc0000,0x000000003aec0000)]
  0x000000001e545800 JavaThread "stderr" daemon [_thread_in_native, id=6828, stack(0x000000003acc0000,0x000000003adc0000)]
  0x000000001e53f800 JavaThread "stdout" daemon [_thread_in_native, id=5492, stack(0x000000003abc0000,0x000000003acc0000)]
  0x000000001e542800 JavaThread "stderr" daemon [_thread_in_native, id=1932, stack(0x000000003aac0000,0x000000003abc0000)]
  0x000000001e542000 JavaThread "pool-130-thread-1" [_thread_blocked, id=14160, stack(0x000000003a9c0000,0x000000003aac0000)]
  0x000000001e540800 JavaThread "ForkJoinPool.commonPool-worker-3" daemon [_thread_blocked, id=2188, stack(0x000000003a8c0000,0x000000003a9c0000)]
  0x000000001e541000 JavaThread "ForkJoinPool.commonPool-worker-2" daemon [_thread_blocked, id=13580, stack(0x000000003a7c0000,0x000000003a8c0000)]
  0x000000001e545000 JavaThread "ForkJoinPool.commonPool-worker-1" daemon [_thread_blocked, id=6704, stack(0x000000003a6c0000,0x000000003a7c0000)]
  0x000000001e537800 JavaThread "Cache worker for execution history cache (D:\develop\ChapNote\ChapNote\.gradle\5.1.1\executionHistory)" [_thread_blocked, id=1144, stack(0x000000003a5c0000,0x000000003a6c0000)]
  0x000000001e538000 JavaThread "Execution worker for ':' Thread 3" [_thread_blocked, id=13828, stack(0x000000003a4c0000,0x000000003a5c0000)]
  0x000000001e539000 JavaThread "Execution worker for ':' Thread 2" [_thread_blocked, id=9880, stack(0x000000003a3c0000,0x000000003a4c0000)]
  0x000000001e53e000 JavaThread "Execution worker for ':'" [_thread_blocked, id=11932, stack(0x000000003a2c0000,0x000000003a3c0000)]
  0x000000001e536800 JavaThread "Cache worker for file content cache (D:\develop\ChapNote\ChapNote\.gradle\5.1.1\fileContent)" [_thread_blocked, id=8508, stack(0x000000003a1c0000,0x000000003a2c0000)]
  0x000000001e53d800 JavaThread "Cache worker for Build Output Cleanup Cache (D:\develop\ChapNote\ChapNote\.gradle\buildOutputCleanup)" [_thread_blocked, id=8328, stack(0x000000003a0c0000,0x000000003a1c0000)]
  0x000000001e53a800 JavaThread "Build operations Thread 4" [_thread_blocked, id=3616, stack(0x0000000039fc0000,0x000000003a0c0000)]
  0x000000001ac14000 JavaThread "Build operations Thread 3" [_thread_blocked, id=5920, stack(0x0000000039ec0000,0x0000000039fc0000)]
  0x000000001ac13800 JavaThread "Build operations Thread 2" [_thread_blocked, id=13004, stack(0x0000000039dc0000,0x0000000039ec0000)]
  0x000000001ac11000 JavaThread "Build operations" [_thread_blocked, id=11132, stack(0x0000000039cc0000,0x0000000039dc0000)]
  0x000000001ac16800 JavaThread "Cache worker for cache directory md-rule (C:\Users\Administrator\.gradle\caches\5.1.1\md-rule)" [_thread_blocked, id=13648, stack(0x0000000039bc0000,0x0000000039cc0000)]
  0x000000001ac09800 JavaThread "Cache worker for cache directory md-supplier (C:\Users\Administrator\.gradle\caches\5.1.1\md-supplier)" [_thread_blocked, id=9512, stack(0x0000000039ac0000,0x0000000039bc0000)]
  0x000000001ac10800 JavaThread "Cache worker for file hash cache (D:\develop\ChapNote\ChapNote\.gradle\5.1.1\fileHashes)" [_thread_blocked, id=11508, stack(0x00000000399c0000,0x0000000039ac0000)]
  0x000000001ac0f800 JavaThread "Thread-1162" [_thread_blocked, id=6480, stack(0x00000000398c0000,0x00000000399c0000)]
  0x000000001ac0e000 JavaThread "Stdin handler" [_thread_blocked, id=9824, stack(0x00000000397c0000,0x00000000398c0000)]
  0x000000001ac08000 JavaThread "Asynchronous log dispatcher for DefaultDaemonConnection: socket connection from /127.0.0.1:49937 to /127.0.0.1:55641" [_thread_blocked, id=9980, stack(0x00000000396c0000,0x00000000397c0000)]
  0x000000001ac0c800 JavaThread "Daemon worker Thread 52" [_thread_blocked, id=13628, stack(0x00000000395c0000,0x00000000396c0000)]
  0x000000001ac0a000 JavaThread "Cancel handler" [_thread_blocked, id=2084, stack(0x00000000394c0000,0x00000000395c0000)]
  0x000000001ac07000 JavaThread "Handler for socket connection from /127.0.0.1:49937 to /127.0.0.1:55641" [_thread_in_native, id=2080, stack(0x00000000393c0000,0x00000000394c0000)]
  0x000000001ac0b000 JavaThread "Daemon Thread 52" [_thread_blocked, id=4708, stack(0x00000000392c0000,0x00000000393c0000)]
  0x000000001cb2d000 JavaThread "MarlinRenderer Disposer" daemon [_thread_blocked, id=10620, stack(0x0000000032dc0000,0x0000000032ec0000)]
  0x000000001cb34000 JavaThread "Java2D Disposer" daemon [_thread_blocked, id=10632, stack(0x0000000032cc0000,0x0000000032dc0000)]
  0x000000001ac0e800 JavaThread "Cache worker for Java compile cache (C:\Users\Administrator\.gradle\caches\5.1.1\javaCompile)" [_thread_blocked, id=9896, stack(0x00000000255a0000,0x00000000256a0000)]
  0x000000001cb2b000 JavaThread "Cache worker for file content cache (C:\Users\Administrator\.gradle\caches\5.1.1\fileContent)" [_thread_blocked, id=1224, stack(0x0000000021ed0000,0x0000000021fd0000)]
  0x000000001cb31000 JavaThread "Memory manager" [_thread_blocked, id=4752, stack(0x0000000021dd0000,0x0000000021ed0000)]
  0x000000001cb2e800 JavaThread "Cache worker for execution history cache (C:\Users\Administrator\.gradle\caches\5.1.1\executionHistory)" [_thread_blocked, id=8492, stack(0x00000000203d0000,0x00000000204d0000)]
  0x00000000189da000 JavaThread "Cache worker for journal cache (C:\Users\Administrator\.gradle\caches\journal-1)" [_thread_blocked, id=1252, stack(0x000000001a6d0000,0x000000001a7d0000)]
  0x00000000189d4800 JavaThread "File lock request listener" [_thread_in_native, id=4152, stack(0x000000001a5d0000,0x000000001a6d0000)]
  0x0000000018bdf000 JavaThread "Cache worker for file hash cache (C:\Users\Administrator\.gradle\caches\5.1.1\fileHashes)" [_thread_blocked, id=2420, stack(0x000000001a4d0000,0x000000001a5d0000)]
  0x0000000018371000 JavaThread "Daemon periodic checks" [_thread_blocked, id=5092, stack(0x0000000019ad0000,0x0000000019bd0000)]
  0x0000000018370000 JavaThread "Incoming local TCP Connector on port 49937" [_thread_in_native, id=5208, stack(0x00000000199d0000,0x0000000019ad0000)]
  0x0000000017587000 JavaThread "Service Thread" daemon [_thread_blocked, id=5232, stack(0x0000000017e00000,0x0000000017f00000)]
  0x00000000161fe800 JavaThread "C1 CompilerThread2" daemon [_thread_blocked, id=2456, stack(0x0000000017d00000,0x0000000017e00000)]
=>0x00000000161fb000 JavaThread "C2 CompilerThread1" daemon [_thread_in_native, id=632, stack(0x0000000017c00000,0x0000000017d00000)]
  0x00000000161b1000 JavaThread "C2 CompilerThread0" daemon [_thread_blocked, id=4280, stack(0x0000000017b00000,0x0000000017c00000)]
  0x0000000016195800 JavaThread "Attach Listener" daemon [_thread_blocked, id=4524, stack(0x0000000017a00000,0x0000000017b00000)]
  0x0000000017508800 JavaThread "Signal Dispatcher" daemon [_thread_blocked, id=1512, stack(0x0000000017900000,0x0000000017a00000)]
  0x000000000282a000 JavaThread "Finalizer" daemon [_thread_blocked, id=5408, stack(0x0000000017400000,0x0000000017500000)]
  0x0000000002821000 JavaThread "Reference Handler" daemon [_thread_blocked, id=9004, stack(0x0000000017300000,0x0000000017400000)]
  0x000000000098d800 JavaThread "main" [_thread_blocked, id=1576, stack(0x00000000021f0000,0x00000000022f0000)]

Other Threads:
  0x0000000016166800 VMThread [stack: 0x0000000017200000,0x0000000017300000] [id=6948]
  0x0000000017587800 WatcherThread [stack: 0x0000000017f00000,0x0000000018000000] [id=6000]

VM state:not at safepoint (normal execution)

VM Mutex/Monitor currently owned by a thread: None

Heap:
 PSYoungGen      total 182272K, used 70094K [0x00000000e0000000, 0x00000000efc00000, 0x0000000100000000)
  eden space 175104K, 36% used [0x00000000e0000000,0x00000000e3dd1088,0x00000000eab00000)
  from space 7168K, 94% used [0x00000000eb180000,0x00000000eb822810,0x00000000eb880000)
  to   space 41472K, 0% used [0x00000000ed380000,0x00000000ed380000,0x00000000efc00000)
 ParOldGen       total 142336K, used 110600K [0x00000000a0000000, 0x00000000a8b00000, 0x00000000e0000000)
  object space 142336K, 77% used [0x00000000a0000000,0x00000000a6c023b8,0x00000000a8b00000)
 Metaspace       used 103533K, capacity 110262K, committed 110680K, reserved 1146880K
  class space    used 12636K, capacity 13792K, committed 13912K, reserved 1048576K

Card table byte_map: [0x0000000011bf0000,0x0000000011f00000] byte_map_base: 0x00000000116f0000

Marking Bits: (ParMarkBitMap*) 0x000000005dd65aa0
 Begin Bits: [0x0000000012500000, 0x0000000013d00000)
 End Bits:   [0x0000000013d00000, 0x0000000015500000)

Polling page: 0x0000000000930000

CodeCache: size=245760Kb used=88068Kb max_used=88082Kb free=157691Kb
 bounds [0x0000000002830000, 0x0000000007ee0000, 0x0000000011830000]
 total_blobs=24921 nmethods=23919 adapters=912
 compilation: enabled

Compilation events (10 events):
Event: 18802.538 Thread 0x00000000161fe800 nmethod 33346 0x0000000005c43f10 code [0x0000000005c440c0, 0x0000000005c44758]
Event: 18802.812 Thread 0x00000000161fb000 33347       4       com.android.ide.common.blame.MergingLogPersistUtil$SourcePositionsSerializer$JsonTypeAdapter::write (192 bytes)
Event: 18803.006 Thread 0x00000000161fb000 nmethod 33347 0x0000000007ecb550 code [0x0000000007ecba40, 0x0000000007ecfb68]
Event: 18803.025 Thread 0x00000000161b1000 33348       4       com.android.ide.common.resources.ResourceFile::addExtraAttributes (33 bytes)
Event: 18803.027 Thread 0x00000000161fb000 33349       4       com.android.ide.common.resources.DataSet::createFileElement (81 bytes)
Event: 18803.045 Thread 0x00000000161b1000 nmethod 33348 0x000000000647b310 code [0x000000000647b4e0, 0x000000000647bb30]
Event: 18803.045 Thread 0x00000000161b1000 33350       4       com.android.ide.common.resources.DataFile::hasNotRemovedItems (48 bytes)
Event: 18803.063 Thread 0x00000000161fb000 nmethod 33349 0x00000000050b0b50 code [0x00000000050b0de0, 0x00000000050b1cd0]
Event: 18803.063 Thread 0x00000000161fb000 33351       4       com.android.ide.common.resources.DataSet::appendToXml (390 bytes)
Event: 18803.069 Thread 0x00000000161b1000 nmethod 33350 0x0000000007d00390 code [0x0000000007d00560, 0x0000000007d00e58]

GC Heap History (10 events):
Event: 17614.483 GC heap before
{Heap before GC invocations=99 (full 4):
 PSYoungGen      total 237568K, used 214395K [0x00000000e0000000, 0x00000000f0e80000, 0x0000000100000000)
  eden space 204288K, 100% used [0x00000000e0000000,0x00000000ec780000,0x00000000ec780000)
  from space 33280K, 30% used [0x00000000eee00000,0x00000000ef7dec68,0x00000000f0e80000)
  to   space 36352K, 0% used [0x00000000ec780000,0x00000000ec780000,0x00000000eeb00000)
 ParOldGen       total 142336K, used 110128K [0x00000000a0000000, 0x00000000a8b00000, 0x00000000e0000000)
  object space 142336K, 77% used [0x00000000a0000000,0x00000000a6b8c3b8,0x00000000a8b00000)
 Metaspace       used 103431K, capacity 110258K, committed 110680K, reserved 1146880K
  class space    used 12634K, capacity 13792K, committed 13912K, reserved 1048576K
Event: 17615.351 GC heap after
Heap after GC invocations=99 (full 4):
 PSYoungGen      total 240640K, used 35541K [0x00000000e0000000, 0x00000000f2600000, 0x0000000100000000)
  eden space 204288K, 0% used [0x00000000e0000000,0x00000000e0000000,0x00000000ec780000)
  from space 36352K, 97% used [0x00000000ec780000,0x00000000eea355a0,0x00000000eeb00000)
  to   space 41472K, 0% used [0x00000000efd80000,0x00000000efd80000,0x00000000f2600000)
 ParOldGen       total 142336K, used 110160K [0x00000000a0000000, 0x00000000a8b00000, 0x00000000e0000000)
  object space 142336K, 77% used [0x00000000a0000000,0x00000000a6b943b8,0x00000000a8b00000)
 Metaspace       used 103431K, capacity 110258K, committed 110680K, reserved 1146880K
  class space    used 12634K, capacity 13792K, committed 13912K, reserved 1048576K
}
Event: 17984.611 GC heap before
{Heap before GC invocations=100 (full 4):
 PSYoungGen      total 240640K, used 239829K [0x00000000e0000000, 0x00000000f2600000, 0x0000000100000000)
  eden space 204288K, 100% used [0x00000000e0000000,0x00000000ec780000,0x00000000ec780000)
  from space 36352K, 97% used [0x00000000ec780000,0x00000000eea355a0,0x00000000eeb00000)
  to   space 41472K, 0% used [0x00000000efd80000,0x00000000efd80000,0x00000000f2600000)
 ParOldGen       total 142336K, used 110160K [0x00000000a0000000, 0x00000000a8b00000, 0x00000000e0000000)
  object space 142336K, 77% used [0x00000000a0000000,0x00000000a6b943b8,0x00000000a8b00000)
 Metaspace       used 103463K, capacity 110258K, committed 110680K, reserved 1146880K
  class space    used 12635K, capacity 13792K, committed 13912K, reserved 1048576K
Event: 17985.391 GC heap after
Heap after GC invocations=100 (full 4):
 PSYoungGen      total 226304K, used 29203K [0x00000000e0000000, 0x00000000f1a80000, 0x0000000100000000)
  eden space 196608K, 0% used [0x00000000e0000000,0x00000000e0000000,0x00000000ec000000)
  from space 29696K, 98% used [0x00000000efd80000,0x00000000f1a04cd0,0x00000000f1a80000)
  to   space 43520K, 0% used [0x00000000ec580000,0x00000000ec580000,0x00000000ef000000)
 ParOldGen       total 142336K, used 110304K [0x00000000a0000000, 0x00000000a8b00000, 0x00000000e0000000)
  object space 142336K, 77% used [0x00000000a0000000,0x00000000a6bb83b8,0x00000000a8b00000)
 Metaspace       used 103463K, capacity 110258K, committed 110680K, reserved 1146880K
  class space    used 12635K, capacity 13792K, committed 13912K, reserved 1048576K
}
Event: 18166.465 GC heap before
{Heap before GC invocations=101 (full 4):
 PSYoungGen      total 226304K, used 225811K [0x00000000e0000000, 0x00000000f1a80000, 0x0000000100000000)
  eden space 196608K, 100% used [0x00000000e0000000,0x00000000ec000000,0x00000000ec000000)
  from space 29696K, 98% used [0x00000000efd80000,0x00000000f1a04cd0,0x00000000f1a80000)
  to   space 43520K, 0% used [0x00000000ec580000,0x00000000ec580000,0x00000000ef000000)
 ParOldGen       total 142336K, used 110304K [0x00000000a0000000, 0x00000000a8b00000, 0x00000000e0000000)
  object space 142336K, 77% used [0x00000000a0000000,0x00000000a6bb83b8,0x00000000a8b00000)
 Metaspace       used 103505K, capacity 110258K, committed 110680K, reserved 1146880K
  class space    used 12635K, capacity 13792K, committed 13912K, reserved 1048576K
Event: 18166.870 GC heap after
Heap after GC invocations=101 (full 4):
 PSYoungGen      total 198656K, used 9533K [0x00000000e0000000, 0x00000000f0b80000, 0x0000000100000000)
  eden space 188928K, 0% used [0x00000000e0000000,0x00000000e0000000,0x00000000eb880000)
  from space 9728K, 97% used [0x00000000ec580000,0x00000000ececf4b0,0x00000000ecf00000)
  to   space 42496K, 0% used [0x00000000ee200000,0x00000000ee200000,0x00000000f0b80000)
 ParOldGen       total 142336K, used 110344K [0x00000000a0000000, 0x00000000a8b00000, 0x00000000e0000000)
  object space 142336K, 77% used [0x00000000a0000000,0x00000000a6bc23b8,0x00000000a8b00000)
 Metaspace       used 103505K, capacity 110258K, committed 110680K, reserved 1146880K
  class space    used 12635K, capacity 13792K, committed 13912K, reserved 1048576K
}
Event: 18311.908 GC heap before
{Heap before GC invocations=102 (full 4):
 PSYoungGen      total 198656K, used 198461K [0x00000000e0000000, 0x00000000f0b80000, 0x0000000100000000)
  eden space 188928K, 100% used [0x00000000e0000000,0x00000000eb880000,0x00000000eb880000)
  from space 9728K, 97% used [0x00000000ec580000,0x00000000ececf4b0,0x00000000ecf00000)
  to   space 42496K, 0% used [0x00000000ee200000,0x00000000ee200000,0x00000000f0b80000)
 ParOldGen       total 142336K, used 110344K [0x00000000a0000000, 0x00000000a8b00000, 0x00000000e0000000)
  object space 142336K, 77% used [0x00000000a0000000,0x00000000a6bc23b8,0x00000000a8b00000)
 Metaspace       used 103521K, capacity 110258K, committed 110680K, reserved 1146880K
  class space    used 12635K, capacity 13792K, committed 13912K, reserved 1048576K
Event: 18312.254 GC heap after
Heap after GC invocations=102 (full 4):
 PSYoungGen      total 216064K, used 5297K [0x00000000e0000000, 0x00000000f0380000, 0x0000000100000000)
  eden space 181760K, 0% used [0x00000000e0000000,0x00000000e0000000,0x00000000eb180000)
  from space 34304K, 15% used [0x00000000ee200000,0x00000000ee72c640,0x00000000f0380000)
  to   space 41984K, 0% used [0x00000000eb180000,0x00000000eb180000,0x00000000eda80000)
 ParOldGen       total 142336K, used 110576K [0x00000000a0000000, 0x00000000a8b00000, 0x00000000e0000000)
  object space 142336K, 77% used [0x00000000a0000000,0x00000000a6bfc3b8,0x00000000a8b00000)
 Metaspace       used 103521K, capacity 110258K, committed 110680K, reserved 1146880K
  class space    used 12635K, capacity 13792K, committed 13912K, reserved 1048576K
}
Event: 18799.442 GC heap before
{Heap before GC invocations=103 (full 4):
 PSYoungGen      total 216064K, used 187057K [0x00000000e0000000, 0x00000000f0380000, 0x0000000100000000)
  eden space 181760K, 100% used [0x00000000e0000000,0x00000000eb180000,0x00000000eb180000)
  from space 34304K, 15% used [0x00000000ee200000,0x00000000ee72c640,0x00000000f0380000)
  to   space 41984K, 0% used [0x00000000eb180000,0x00000000eb180000,0x00000000eda80000)
 ParOldGen       total 142336K, used 110576K [0x00000000a0000000, 0x00000000a8b00000, 0x00000000e0000000)
  object space 142336K, 77% used [0x00000000a0000000,0x00000000a6bfc3b8,0x00000000a8b00000)
 Metaspace       used 103533K, capacity 110262K, committed 110680K, reserved 1146880K
  class space    used 12636K, capacity 13792K, committed 13912K, reserved 1048576K
Event: 18799.882 GC heap after
Heap after GC invocations=103 (full 4):
 PSYoungGen      total 182272K, used 6794K [0x00000000e0000000, 0x00000000efc00000, 0x0000000100000000)
  eden space 175104K, 0% used [0x00000000e0000000,0x00000000e0000000,0x00000000eab00000)
  from space 7168K, 94% used [0x00000000eb180000,0x00000000eb822810,0x00000000eb880000)
  to   space 41472K, 0% used [0x00000000ed380000,0x00000000ed380000,0x00000000efc00000)
 ParOldGen       total 142336K, used 110600K [0x00000000a0000000, 0x00000000a8b00000, 0x00000000e0000000)
  object space 142336K, 77% used [0x00000000a0000000,0x00000000a6c023b8,0x00000000a8b00000)
 Metaspace       used 103533K, capacity 110262K, committed 110680K, reserved 1146880K
  class space    used 12636K, capacity 13792K, committed 13912K, reserved 1048576K
}

Deoptimization events (10 events):
Event: 18160.401 Thread 0x000000001ac07000 Uncommon trap: reason=class_check action=maybe_recompile pc=0x0000000004e8bc44 method=com.sun.org.apache.xerces.internal.dom.ElementImpl.getAttribute(Ljava/lang/String;)Ljava/lang/String; @ 32
Event: 18793.676 Thread 0x000000001ac11000 Uncommon trap: reason=unstable_if action=reinterpret pc=0x0000000003f99f54 method=java.util.concurrent.ConcurrentHashMap.initTable()[Ljava/util/concurrent/ConcurrentHashMap$Node; @ 41
Event: 18793.688 Thread 0x000000001ac13800 Uncommon trap: reason=unstable_if action=reinterpret pc=0x0000000005a34e8c method=java.util.concurrent.ConcurrentHashMap.get(Ljava/lang/Object;)Ljava/lang/Object; @ 86
Event: 18796.997 Thread 0x000000001ac0c800 Uncommon trap: reason=bimorphic action=maybe_recompile pc=0x000000000443a5cc method=org.gradle.internal.fingerprint.impl.EmptyCurrentFileCollectionFingerprint.visitChangesSince(Lorg/gradle/internal/fingerprint/FileCollectionFingerprint;Ljava/lang/String;Z
Event: 18797.592 Thread 0x000000001e538000 Uncommon trap: reason=bimorphic action=maybe_recompile pc=0x000000000443a5cc method=org.gradle.internal.fingerprint.impl.EmptyCurrentFileCollectionFingerprint.visitChangesSince(Lorg/gradle/internal/fingerprint/FileCollectionFingerprint;Ljava/lang/String;Z
Event: 18798.313 Thread 0x000000001e538000 Uncommon trap: reason=bimorphic action=maybe_recompile pc=0x000000000443a5cc method=org.gradle.internal.fingerprint.impl.EmptyCurrentFileCollectionFingerprint.visitChangesSince(Lorg/gradle/internal/fingerprint/FileCollectionFingerprint;Ljava/lang/String;Z
Event: 18798.424 Thread 0x000000001e538000 Uncommon trap: reason=bimorphic action=maybe_recompile pc=0x0000000005a672cc method=com.google.gson.stream.JsonWriter.open(ILjava/lang/String;)Lcom/google/gson/stream/JsonWriter; @ 14
Event: 18798.425 Thread 0x000000001e538000 Uncommon trap: reason=bimorphic action=maybe_recompile pc=0x000000000451bd1c method=com.google.gson.stream.JsonWriter.close(IILjava/lang/String;)Lcom/google/gson/stream/JsonWriter; @ 90
Event: 18798.445 Thread 0x000000001e538000 Uncommon trap: reason=bimorphic action=maybe_recompile pc=0x000000000443a5cc method=org.gradle.internal.fingerprint.impl.EmptyCurrentFileCollectionFingerprint.visitChangesSince(Lorg/gradle/internal/fingerprint/FileCollectionFingerprint;Ljava/lang/String;Z
Event: 18798.918 Thread 0x000000001e538000 Uncommon trap: reason=class_check action=maybe_recompile pc=0x0000000007ec8dd8 method=org.gradle.internal.fingerprint.impl.EmptyCurrentFileCollectionFingerprint.visitChangesSince(Lorg/gradle/internal/fingerprint/FileCollectionFingerprint;Ljava/lang/String

Classes redefined (0 events):
No events

Internal exceptions (10 events):
Event: 18794.249 Thread 0x000000001ac0c800 Exception <a 'sun/nio/fs/WindowsException'> (0x00000000e82fba30) thrown at [D:\src\AOSP-openjdk-cygwin\jdk8u\hotspot\src\share\vm\prims\jni.cpp, line 709]
Event: 18794.249 Thread 0x000000001ac0c800 Exception <a 'sun/nio/fs/WindowsException'> (0x00000000e82fc508) thrown at [D:\src\AOSP-openjdk-cygwin\jdk8u\hotspot\src\share\vm\prims\jni.cpp, line 709]
Event: 18794.249 Thread 0x000000001ac0c800 Exception <a 'sun/nio/fs/WindowsException'> (0x00000000e82fe510) thrown at [D:\src\AOSP-openjdk-cygwin\jdk8u\hotspot\src\share\vm\prims\jni.cpp, line 709]
Event: 18794.249 Thread 0x000000001ac0c800 Exception <a 'sun/nio/fs/WindowsException'> (0x00000000e82ff008) thrown at [D:\src\AOSP-openjdk-cygwin\jdk8u\hotspot\src\share\vm\prims\jni.cpp, line 709]
Event: 18794.253 Thread 0x000000001ac0c800 Exception <a 'sun/nio/fs/WindowsException'> (0x00000000e83025b0) thrown at [D:\src\AOSP-openjdk-cygwin\jdk8u\hotspot\src\share\vm\prims\jni.cpp, line 709]
Event: 18794.253 Thread 0x000000001ac0c800 Exception <a 'sun/nio/fs/WindowsException'> (0x00000000e8303088) thrown at [D:\src\AOSP-openjdk-cygwin\jdk8u\hotspot\src\share\vm\prims\jni.cpp, line 709]
Event: 18794.253 Thread 0x000000001ac0c800 Exception <a 'sun/nio/fs/WindowsException'> (0x00000000e8305090) thrown at [D:\src\AOSP-openjdk-cygwin\jdk8u\hotspot\src\share\vm\prims\jni.cpp, line 709]
Event: 18794.254 Thread 0x000000001ac0c800 Exception <a 'sun/nio/fs/WindowsException'> (0x00000000e8305b78) thrown at [D:\src\AOSP-openjdk-cygwin\jdk8u\hotspot\src\share\vm\prims\jni.cpp, line 709]
Event: 18798.420 Thread 0x000000001e538000 Exception <a 'sun/nio/fs/WindowsException'> (0x00000000e9b6ebd0) thrown at [D:\src\AOSP-openjdk-cygwin\jdk8u\hotspot\src\share\vm\prims\jni.cpp, line 709]
Event: 18798.449 Thread 0x000000001e538000 Exception <a 'sun/nio/fs/WindowsException'> (0x00000000e9b9ceb8) thrown at [D:\src\AOSP-openjdk-cygwin\jdk8u\hotspot\src\share\vm\prims\jni.cpp, line 709]

Events (10 events):
Event: 18803.154 Thread 0x000000001e540800 Thread added: 0x000000001e540800
Event: 18803.158 Executing VM operation: RevokeBias
Event: 18803.159 Executing VM operation: RevokeBias done
Event: 18803.163 Thread 0x000000001e542000 Thread added: 0x000000001e542000
Event: 18803.171 Thread 0x000000001e542800 Thread added: 0x000000001e542800
Event: 18803.171 Thread 0x000000001e53f800 Thread added: 0x000000001e53f800
Event: 18803.171 Thread 0x000000001e545800 Thread added: 0x000000001e545800
Event: 18803.171 Thread 0x000000001e53f000 Thread added: 0x000000001e53f000
Event: 18803.173 Thread 0x000000001cb2f800 Thread added: 0x000000001cb2f800
Event: 18803.173 Thread 0x000000001cb2a000 Thread added: 0x000000001cb2a000


Dynamic libraries:
0x00007ff72e980000 - 0x00007ff72e9b1000 	D:\Android\studio\jre\bin\java.exe
0x00007ffc3b790000 - 0x00007ffc3b97d000 	C:\Windows\SYSTEM32\ntdll.dll
0x00007ffc38f80000 - 0x00007ffc39033000 	C:\Windows\System32\KERNEL32.DLL
0x00007ffc38450000 - 0x00007ffc386e3000 	C:\Windows\System32\KERNELBASE.dll
0x00007ffc3b500000 - 0x00007ffc3b5a3000 	C:\Windows\System32\ADVAPI32.dll
0x00007ffc3abe0000 - 0x00007ffc3ac7e000 	C:\Windows\System32\msvcrt.dll
0x00007ffc3b5e0000 - 0x00007ffc3b67e000 	C:\Windows\System32\sechost.dll
0x00007ffc38e50000 - 0x00007ffc38f72000 	C:\Windows\System32\RPCRT4.dll
0x00007ffc3ac80000 - 0x00007ffc3ae17000 	C:\Windows\System32\USER32.dll
0x00007ffc37860000 - 0x00007ffc37880000 	C:\Windows\System32\win32u.dll
0x00007ffc3b5b0000 - 0x00007ffc3b5d9000 	C:\Windows\System32\GDI32.dll
0x00007ffc38770000 - 0x00007ffc3890a000 	C:\Windows\System32\gdi32full.dll
0x00007ffc381d0000 - 0x00007ffc38270000 	C:\Windows\System32\msvcp_win.dll
0x00007ffc380d0000 - 0x00007ffc381ca000 	C:\Windows\System32\ucrtbase.dll
0x00007ffc267e0000 - 0x00007ffc26a59000 	C:\Windows\WinSxS\amd64_microsoft.windows.common-controls_6595b64144ccf1df_6.0.17763.348_none_05b73c0a071d7a57\COMCTL32.dll
0x00007ffc3b1d0000 - 0x00007ffc3b4fd000 	C:\Windows\System32\combase.dll
0x00007ffc386f0000 - 0x00007ffc3876e000 	C:\Windows\System32\bcryptPrimitives.dll
0x00007ffc3afd0000 - 0x00007ffc3affe000 	C:\Windows\System32\IMM32.DLL
0x000000005d260000 - 0x000000005d332000 	D:\Android\studio\jre\jre\bin\msvcr100.dll
0x000000005d5a0000 - 0x000000005dde1000 	D:\Android\studio\jre\jre\bin\server\jvm.dll
0x00007ffc389c0000 - 0x00007ffc389c8000 	C:\Windows\System32\PSAPI.DLL
0x00007ffc26b00000 - 0x00007ffc26b0a000 	C:\Windows\SYSTEM32\VERSION.dll
0x00007ffc24cd0000 - 0x00007ffc24cd9000 	C:\Windows\SYSTEM32\WSOCK32.dll
0x00007ffc35830000 - 0x00007ffc35854000 	C:\Windows\SYSTEM32\WINMM.dll
0x00007ffc3af60000 - 0x00007ffc3afcd000 	C:\Windows\System32\WS2_32.dll
0x00007ffc35800000 - 0x00007ffc3582d000 	C:\Windows\SYSTEM32\WINMMBASE.dll
0x00007ffc37ff0000 - 0x00007ffc3803a000 	C:\Windows\System32\cfgmgr32.dll
0x00007ffc261b0000 - 0x00007ffc261bf000 	D:\Android\studio\jre\jre\bin\verify.dll
0x00007ffc25a60000 - 0x00007ffc25a89000 	D:\Android\studio\jre\jre\bin\java.dll
0x00007ffc24d10000 - 0x00007ffc24d26000 	D:\Android\studio\jre\jre\bin\zip.dll
0x00007ffc39120000 - 0x00007ffc3a610000 	C:\Windows\System32\SHELL32.dll
0x00007ffc38a90000 - 0x00007ffc38b38000 	C:\Windows\System32\shcore.dll
0x00007ffc37880000 - 0x00007ffc37fca000 	C:\Windows\System32\windows.storage.dll
0x00007ffc37830000 - 0x00007ffc37854000 	C:\Windows\System32\profapi.dll
0x00007ffc37790000 - 0x00007ffc377ed000 	C:\Windows\System32\powrprof.dll
0x00007ffc390c0000 - 0x00007ffc39112000 	C:\Windows\System32\shlwapi.dll
0x00007ffc37810000 - 0x00007ffc37821000 	C:\Windows\System32\kernel.appcore.dll
0x00007ffc37fd0000 - 0x00007ffc37fe7000 	C:\Windows\System32\cryptsp.dll
0x00007ffc1c090000 - 0x00007ffc1c0aa000 	D:\Android\studio\jre\jre\bin\net.dll
0x00007ffc36fb0000 - 0x00007ffc37017000 	C:\Windows\system32\mswsock.dll
0x00007ffc1b320000 - 0x00007ffc1b331000 	D:\Android\studio\jre\jre\bin\nio.dll
0x00007ffc06fb0000 - 0x00007ffc06fce000 	C:\Users\Administrator\.gradle\native\25\windows-amd64\native-platform.dll
0x00007ffc24160000 - 0x00007ffc2416d000 	D:\Android\studio\jre\jre\bin\management.dll
0x00007ffc36b70000 - 0x00007ffc36ba3000 	C:\Windows\system32\rsaenh.dll
0x00007ffc38040000 - 0x00007ffc38066000 	C:\Windows\System32\bcrypt.dll
0x00007ffc376c0000 - 0x00007ffc376e8000 	C:\Windows\SYSTEM32\USERENV.dll
0x00007ffc37180000 - 0x00007ffc3718c000 	C:\Windows\SYSTEM32\CRYPTBASE.dll
0x00007ffc36d10000 - 0x00007ffc36d4d000 	C:\Windows\SYSTEM32\IPHLPAPI.DLL
0x00007ffc3b680000 - 0x00007ffc3b688000 	C:\Windows\System32\NSI.dll
0x00007ffc2b500000 - 0x00007ffc2b516000 	C:\Windows\SYSTEM32\dhcpcsvc6.DLL
0x00007ffc2b4e0000 - 0x00007ffc2b4fc000 	C:\Windows\SYSTEM32\dhcpcsvc.DLL
0x00007ffc36d50000 - 0x00007ffc36e16000 	C:\Windows\SYSTEM32\DNSAPI.dll
0x00007ffc09d70000 - 0x00007ffc09f08000 	D:\Android\studio\jre\jre\bin\awt.dll
0x00007ffc3aa90000 - 0x00007ffc3ab5b000 	C:\Windows\System32\OLEAUT32.dll
0x00007ffc34c10000 - 0x00007ffc351ce000 	C:\Windows\SYSTEM32\d2d1.dll
0x00007ffc35a50000 - 0x00007ffc35adc000 	C:\Windows\SYSTEM32\apphelp.dll
0x00007ffc35e80000 - 0x00007ffc35eae000 	C:\Windows\system32\DWMAPI.DLL
0x00007ffc38270000 - 0x00007ffc3844b000 	C:\Windows\System32\CRYPT32.dll
0x00007ffc377f0000 - 0x00007ffc37802000 	C:\Windows\System32\MSASN1.dll
0x00007ffc35d90000 - 0x00007ffc35e2c000 	C:\Windows\system32\uxtheme.dll

VM Arguments:
jvm_args: -Xmx1536m -Dfile.encoding=GBK -Duser.country=CN -Duser.language=zh -Duser.variant 
java_command: org.gradle.launcher.daemon.bootstrap.GradleDaemon 5.1.1
java_class_path (initial): C:\Users\Administrator\.gradle\wrapper\dists\gradle-5.1.1-all\97z1ksx6lirer3kbvdnh7jtjg\gradle-5.1.1\lib\gradle-launcher-5.1.1.jar
Launcher Type: SUN_STANDARD

Environment Variables:
JAVA_HOME=D:\Android\jdk
CLASSPATH=.;D:\Android\jdk\bin;D:\Android\jdk\lib\dt.jar;D:\Android\jdk\lib\tools.jar
PATH=D:\Android\jdk\bin;D:\Android\jdk\jre\bin;C:\Program Files (x86)\Common Files\Oracle\Java\javapath;C:\Program Files (x86)\Intel\Intel(R) Management Engine Components\iCLS\;C:\Program Files\Intel\Intel(R) Management Engine Components\iCLS\;C:\Windows\system32;C:\Windows;C:\Windows\System32\Wbem;C:\Windows\System32\WindowsPowerShell\v1.0\;C:\Windows\System32\OpenSSH\;C:\Program Files (x86)\Intel\Intel(R) Management Engine Components\DAL;C:\Program Files\Intel\Intel(R) Management Engine Components\DAL;C:\Program Files (x86)\Intel\Intel(R) Management Engine Components\IPT;C:\Program Files\Intel\Intel(R) Management Engine Components\IPT;C:\Program Files\Intel\WiFi\bin\;C:\Program Files\Common Files\Intel\WirelessCommon\;C:\Program Files (x86)\GtkSharp\2.12\bin;C:\Users\Administrator\AppData\Local\Microsoft\WindowsApps;C:\Program Files\Intel\WiFi\bin\;C:\Program Files\Common Files\Intel\WirelessCommon\;C:\Users\Administrator\AppData\Local\GitHubDesktop\bin
USERNAME=Administrator
OS=Windows_NT
PROCESSOR_IDENTIFIER=Intel64 Family 6 Model 78 Stepping 3, GenuineIntel



---------------  S Y S T E M  ---------------

OS: Windows 10.0 , 64 bit Build 17763 (10.0.17763.292)

CPU:total 4 (initial active 4) (2 cores per cpu, 2 threads per core) family 6 model 78 stepping 3, cmov, cx8, fxsr, mmx, sse, sse2, sse3, ssse3, sse4.1, sse4.2, popcnt, avx, avx2, aes, clmul, erms, 3dnowpref, lzcnt, ht, tsc, tscinvbit, bmi1, bmi2, adx

Memory: 4k page, physical 4105120k(207008k free), swap 9348124k(4892k free)

vm_info: OpenJDK 64-Bit Server VM (25.152-b01) for windows-amd64 JRE (1.8.0_152-release-1343-b01), built by "builder" with MS VC++ 10.0 (VS2010)

time: Wed May 15 22:35:26 2019
elapsed time: 18803 seconds (0d 5h 13m 23s)

